<?xml version="1.0" encoding="UTF-8"?>
<testsuite name="VisitorTest" tests="1" skipped="0" failures="0" errors="0" timestamp="2021-04-24T17:45:23" hostname="FOSQUITOMIGAMIN" time="0.023">
  <properties/>
  <testcase name="test1" classname="VisitorTest" time="0.023"/>
  <system-out><![CDATA[{
	"color": "red", 
	"value": "#f00"
}{
	"color": "green", 
	"value": "#0f0"
}{
	"color": "blue", 
	"value": "#00f"
}{
	"color": "white", 
	"value": "#fff"
}{
	"color": "black", 
	"value": "#000"
}]]></system-out>
  <system-err><![CDATA[]]></system-err>
</testsuite>
