<?xml version="1.0" encoding="UTF-8"?>
<testsuite name="JsonSearch" tests="1" skipped="0" failures="0" errors="0" timestamp="2021-05-15T17:30:09" hostname="FOSQUITOMIGAMIN" time="0.332">
  <properties/>
  <testcase name="test01" classname="JsonSearch" time="0.332"/>
  <system-out><![CDATA[]]></system-out>
  <system-err><![CDATA[]]></system-err>
</testsuite>
