<?xml version="1.0" encoding="UTF-8"?>
<testsuite name="VisitorTest" tests="1" skipped="0" failures="0" errors="0" timestamp="2021-04-22T22:17:46" hostname="FOSQUITOMIGAMIN" time="0.024">
  <properties/>
  <testcase name="test1" classname="VisitorTest" time="0.024"/>
  <system-out><![CDATA[JsonObject@166f7486
]]></system-out>
  <system-err><![CDATA[]]></system-err>
</testsuite>
