<?xml version="1.0" encoding="UTF-8"?>
<testsuite name="Instantiation" tests="1" skipped="0" failures="0" errors="0" timestamp="2021-05-19T19:40:01" hostname="FOSQUITOMIGAMIN" time="0.34">
  <properties/>
  <testcase name="dataClass" classname="Instantiation" time="0.34"/>
  <system-out><![CDATA[{
"dad": {
"dad": null,
"isMale": true,
"name": "Tom",
"weight": 4.57
}
,
"isMale": false,
"name": "Mary",
"weight": 3.61
}
]]></system-out>
  <system-err><![CDATA[]]></system-err>
</testsuite>
