<?xml version="1.0" encoding="UTF-8"?>
<testsuite name="Serialization" tests="1" skipped="0" failures="0" errors="0" timestamp="2021-04-28T16:57:03" hostname="FOSQUITOMIGAMIN" time="0.024">
  <properties/>
  <testcase name="test01" classname="Serialization" time="0.024"/>
  <system-out><![CDATA[{
	"color": "red", 
	"value": "#f00"
}
{
	"color": "green", 
	"value": "#0f0"
}
{
	"color": "blue", 
	"value": "#00f"
}
{
	"color": "white", 
	"value": "#fff"
}
{
	"color": "black", 
	"value": "#000"
}
]]></system-out>
  <system-err><![CDATA[]]></system-err>
</testsuite>
