<?xml version="1.0" encoding="UTF-8"?>
<testsuite name="JsonSearch" tests="1" skipped="0" failures="0" errors="0" timestamp="2021-05-21T18:26:08" hostname="FOSQUITOMIGAMIN" time="0.356">
  <properties/>
  <testcase name="test01" classname="JsonSearch" time="0.356"/>
  <system-out><![CDATA["color": "red"
"value": "#f00"
"color": "green"
"value": "#0f0"
"color": "blue"
"value": "#00f"
]]></system-out>
  <system-err><![CDATA[]]></system-err>
</testsuite>
